{"/Users/yedidya.s/Projects/node_bootstrap/src/controllers/user.controller.ts": {"path":"/Users/yedidya.s/Projects/node_bootstrap/src/controllers/user.controller.ts","statementMap":{"0":{"start":{"line":1,"column":27},"end":{"line":3,"column":1}},"1":{"start":{"line":2,"column":4},"end":{"line":2,"column":23}},"2":{"start":{"line":1,"column":13},"end":{"line":1,"column":27}}},"fnMap":{"0":{"name":"(anonymous_0)","decl":{"start":{"line":1,"column":27},"end":{"line":1,"column":null}},"loc":{"start":{"line":1,"column":27},"end":{"line":3,"column":1}}}},"branchMap":{},"s":{"0":1,"1":1,"2":1},"f":{"0":1},"b":{}}
}
